{"D:\\Microverse\\Module 2\\Week 3\\to-do-list\\src\\app.js": {"path":"D:\\Microverse\\Module 2\\Week 3\\to-do-list\\src\\app.js","statementMap":{"0":{"start":{"line":3,"column":13},"end":{"line":3,"column":52}},"1":{"start":{"line":4,"column":14},"end":{"line":4,"column":46}},"2":{"start":{"line":6,"column":11},"end":{"line":6,"column":13}},"3":{"start":{"line":9,"column":16},"end":{"line":38,"column":1}},"4":{"start":{"line":10,"column":2},"end":{"line":12,"column":3}},"5":{"start":{"line":11,"column":4},"end":{"line":11,"column":11}},"6":{"start":{"line":14,"column":15},"end":{"line":33,"column":9}},"7":{"start":{"line":35,"column":19},"end":{"line":35,"column":30}},"8":{"start":{"line":37,"column":2},"end":{"line":37,"column":42}},"9":{"start":{"line":41,"column":19},"end":{"line":47,"column":1}},"10":{"start":{"line":42,"column":2},"end":{"line":45,"column":5}},"11":{"start":{"line":42,"column":28},"end":{"line":42,"column":58}},"12":{"start":{"line":43,"column":4},"end":{"line":43,"column":16}},"13":{"start":{"line":44,"column":4},"end":{"line":44,"column":13}},"14":{"start":{"line":46,"column":2},"end":{"line":46,"column":53}},"15":{"start":{"line":50,"column":17},"end":{"line":84,"column":1}},"16":{"start":{"line":51,"column":2},"end":{"line":53,"column":3}},"17":{"start":{"line":52,"column":4},"end":{"line":52,"column":17}},"18":{"start":{"line":55,"column":2},"end":{"line":55,"column":22}},"19":{"start":{"line":56,"column":2},"end":{"line":58,"column":5}},"20":{"start":{"line":57,"column":4},"end":{"line":57,"column":58}},"21":{"start":{"line":60,"column":2},"end":{"line":71,"column":5}},"22":{"start":{"line":61,"column":4},"end":{"line":64,"column":7}},"23":{"start":{"line":62,"column":6},"end":{"line":62,"column":25}},"24":{"start":{"line":63,"column":6},"end":{"line":63,"column":16}},"25":{"start":{"line":65,"column":4},"end":{"line":70,"column":7}},"26":{"start":{"line":66,"column":6},"end":{"line":66,"column":24}},"27":{"start":{"line":67,"column":19},"end":{"line":67,"column":61}},"28":{"start":{"line":67,"column":36},"end":{"line":67,"column":60}},"29":{"start":{"line":68,"column":6},"end":{"line":68,"column":33}},"30":{"start":{"line":69,"column":6},"end":{"line":69,"column":57}},"31":{"start":{"line":73,"column":2},"end":{"line":77,"column":5}},"32":{"start":{"line":74,"column":4},"end":{"line":76,"column":7}},"33":{"start":{"line":75,"column":6},"end":{"line":75,"column":28}},"34":{"start":{"line":78,"column":2},"end":{"line":83,"column":5}},"35":{"start":{"line":79,"column":4},"end":{"line":82,"column":7}},"36":{"start":{"line":80,"column":6},"end":{"line":80,"column":44}},"37":{"start":{"line":81,"column":6},"end":{"line":81,"column":21}},"38":{"start":{"line":87,"column":0},"end":{"line":90,"column":3}},"39":{"start":{"line":88,"column":14},"end":{"line":88,"column":28}},"40":{"start":{"line":89,"column":2},"end":{"line":89,"column":16}}},"fnMap":{"0":{"name":"(anonymous_0)","decl":{"start":{"line":9,"column":16},"end":{"line":9,"column":17}},"loc":{"start":{"line":9,"column":43},"end":{"line":38,"column":1}},"line":9},"1":{"name":"(anonymous_1)","decl":{"start":{"line":41,"column":19},"end":{"line":41,"column":20}},"loc":{"start":{"line":41,"column":32},"end":{"line":47,"column":1}},"line":41},"2":{"name":"(anonymous_2)","decl":{"start":{"line":42,"column":21},"end":{"line":42,"column":22}},"loc":{"start":{"line":42,"column":28},"end":{"line":42,"column":58}},"line":42},"3":{"name":"(anonymous_3)","decl":{"start":{"line":42,"column":64},"end":{"line":42,"column":65}},"loc":{"start":{"line":42,"column":74},"end":{"line":45,"column":3}},"line":42},"4":{"name":"(anonymous_4)","decl":{"start":{"line":50,"column":17},"end":{"line":50,"column":18}},"loc":{"start":{"line":50,"column":28},"end":{"line":84,"column":1}},"line":50},"5":{"name":"(anonymous_5)","decl":{"start":{"line":56,"column":16},"end":{"line":56,"column":17}},"loc":{"start":{"line":56,"column":26},"end":{"line":58,"column":3}},"line":56},"6":{"name":"(anonymous_6)","decl":{"start":{"line":60,"column":49},"end":{"line":60,"column":50}},"loc":{"start":{"line":60,"column":56},"end":{"line":71,"column":3}},"line":60},"7":{"name":"(anonymous_7)","decl":{"start":{"line":61,"column":32},"end":{"line":61,"column":33}},"loc":{"start":{"line":61,"column":38},"end":{"line":64,"column":5}},"line":61},"8":{"name":"(anonymous_8)","decl":{"start":{"line":65,"column":33},"end":{"line":65,"column":34}},"loc":{"start":{"line":65,"column":39},"end":{"line":70,"column":5}},"line":65},"9":{"name":"(anonymous_9)","decl":{"start":{"line":67,"column":29},"end":{"line":67,"column":30}},"loc":{"start":{"line":67,"column":36},"end":{"line":67,"column":60}},"line":67},"10":{"name":"(anonymous_10)","decl":{"start":{"line":73,"column":52},"end":{"line":73,"column":53}},"loc":{"start":{"line":73,"column":59},"end":{"line":77,"column":3}},"line":73},"11":{"name":"(anonymous_11)","decl":{"start":{"line":74,"column":33},"end":{"line":74,"column":34}},"loc":{"start":{"line":74,"column":39},"end":{"line":76,"column":5}},"line":74},"12":{"name":"(anonymous_12)","decl":{"start":{"line":78,"column":49},"end":{"line":78,"column":50}},"loc":{"start":{"line":78,"column":58},"end":{"line":83,"column":3}},"line":78},"13":{"name":"(anonymous_13)","decl":{"start":{"line":79,"column":34},"end":{"line":79,"column":35}},"loc":{"start":{"line":79,"column":40},"end":{"line":82,"column":5}},"line":79},"14":{"name":"(anonymous_14)","decl":{"start":{"line":87,"column":32},"end":{"line":87,"column":33}},"loc":{"start":{"line":87,"column":38},"end":{"line":90,"column":1}},"line":87}},"branchMap":{"0":{"loc":{"start":{"line":10,"column":2},"end":{"line":12,"column":3}},"type":"if","locations":[{"start":{"line":10,"column":2},"end":{"line":12,"column":3}},{"start":{},"end":{}}],"line":10},"1":{"loc":{"start":{"line":19,"column":8},"end":{"line":19,"column":29}},"type":"cond-expr","locations":[{"start":{"line":19,"column":15},"end":{"line":19,"column":24}},{"start":{"line":19,"column":27},"end":{"line":19,"column":29}}],"line":19},"2":{"loc":{"start":{"line":51,"column":2},"end":{"line":53,"column":3}},"type":"if","locations":[{"start":{"line":51,"column":2},"end":{"line":53,"column":3}},{"start":{},"end":{}}],"line":51}},"s":{"0":1,"1":1,"2":1,"3":1,"4":2,"5":0,"6":2,"7":2,"8":2,"9":1,"10":2,"11":0,"12":0,"13":0,"14":2,"15":1,"16":0,"17":0,"18":0,"19":0,"20":0,"21":0,"22":0,"23":0,"24":0,"25":0,"26":0,"27":0,"28":0,"29":0,"30":0,"31":0,"32":0,"33":0,"34":0,"35":0,"36":0,"37":0,"38":1,"39":0,"40":0},"f":{"0":2,"1":2,"2":0,"3":0,"4":0,"5":0,"6":0,"7":0,"8":0,"9":0,"10":0,"11":0,"12":0,"13":0,"14":0},"b":{"0":[0,2],"1":[1,1],"2":[0,0]},"_coverageSchema":"1a1c01bbd47fc00a2c39e90264f33305004495a9","hash":"4a204b78578d27da73029b171aa175e24bd4d692"}
,"D:\\Microverse\\Module 2\\Week 3\\to-do-list\\src\\interact.js": {"path":"D:\\Microverse\\Module 2\\Week 3\\to-do-list\\src\\interact.js","statementMap":{"0":{"start":{"line":2,"column":21},"end":{"line":6,"column":1}},"1":{"start":{"line":3,"column":15},"end":{"line":3,"column":63}},"2":{"start":{"line":3,"column":32},"end":{"line":3,"column":62}},"3":{"start":{"line":4,"column":2},"end":{"line":4,"column":30}},"4":{"start":{"line":5,"column":2},"end":{"line":5,"column":53}},"5":{"start":{"line":9,"column":17},"end":{"line":17,"column":1}},"6":{"start":{"line":10,"column":2},"end":{"line":13,"column":5}},"7":{"start":{"line":10,"column":28},"end":{"line":10,"column":35}},"8":{"start":{"line":11,"column":4},"end":{"line":11,"column":16}},"9":{"start":{"line":12,"column":4},"end":{"line":12,"column":13}},"10":{"start":{"line":14,"column":2},"end":{"line":14,"column":53}},"11":{"start":{"line":16,"column":2},"end":{"line":16,"column":14}}},"fnMap":{"0":{"name":"(anonymous_0)","decl":{"start":{"line":2,"column":21},"end":{"line":2,"column":22}},"loc":{"start":{"line":2,"column":40},"end":{"line":6,"column":1}},"line":2},"1":{"name":"(anonymous_1)","decl":{"start":{"line":3,"column":25},"end":{"line":3,"column":26}},"loc":{"start":{"line":3,"column":32},"end":{"line":3,"column":62}},"line":3},"2":{"name":"(anonymous_2)","decl":{"start":{"line":9,"column":17},"end":{"line":9,"column":18}},"loc":{"start":{"line":9,"column":27},"end":{"line":17,"column":1}},"line":9},"3":{"name":"(anonymous_3)","decl":{"start":{"line":10,"column":21},"end":{"line":10,"column":22}},"loc":{"start":{"line":10,"column":28},"end":{"line":10,"column":35}},"line":10},"4":{"name":"(anonymous_4)","decl":{"start":{"line":10,"column":41},"end":{"line":10,"column":42}},"loc":{"start":{"line":10,"column":51},"end":{"line":13,"column":3}},"line":10}},"branchMap":{},"s":{"0":1,"1":0,"2":0,"3":0,"4":0,"5":1,"6":0,"7":0,"8":0,"9":0,"10":0,"11":0},"f":{"0":0,"1":0,"2":0,"3":0,"4":0},"b":{},"_coverageSchema":"1a1c01bbd47fc00a2c39e90264f33305004495a9","hash":"e8e72d5edde571fbaf78d5c82ec49757a7531139"}
}
