TN:
SF:src\app.js
FN:9,(anonymous_0)
FN:41,(anonymous_1)
FN:42,(anonymous_2)
FN:42,(anonymous_3)
FN:50,(anonymous_4)
FN:56,(anonymous_5)
FN:60,(anonymous_6)
FN:61,(anonymous_7)
FN:65,(anonymous_8)
FN:67,(anonymous_9)
FN:73,(anonymous_10)
FN:74,(anonymous_11)
FN:78,(anonymous_12)
FN:79,(anonymous_13)
FN:87,(anonymous_14)
FNF:15
FNH:2
FNDA:2,(anonymous_0)
FNDA:2,(anonymous_1)
FNDA:0,(anonymous_2)
FNDA:0,(anonymous_3)
FNDA:0,(anonymous_4)
FNDA:0,(anonymous_5)
FNDA:0,(anonymous_6)
FNDA:0,(anonymous_7)
FNDA:0,(anonymous_8)
FNDA:0,(anonymous_9)
FNDA:0,(anonymous_10)
FNDA:0,(anonymous_11)
FNDA:0,(anonymous_12)
FNDA:0,(anonymous_13)
FNDA:0,(anonymous_14)
DA:3,1
DA:4,1
DA:6,1
DA:9,1
DA:10,2
DA:11,0
DA:14,2
DA:35,2
DA:37,2
DA:41,1
DA:42,2
DA:43,0
DA:44,0
DA:46,2
DA:50,1
DA:51,0
DA:52,0
DA:55,0
DA:56,0
DA:57,0
DA:60,0
DA:61,0
DA:62,0
DA:63,0
DA:65,0
DA:66,0
DA:67,0
DA:68,0
DA:69,0
DA:73,0
DA:74,0
DA:75,0
DA:78,0
DA:79,0
DA:80,0
DA:81,0
DA:87,1
DA:88,0
DA:89,0
LF:39
LH:13
BRDA:10,0,0,0
BRDA:10,0,1,2
BRDA:19,1,0,1
BRDA:19,1,1,1
BRDA:51,2,0,0
BRDA:51,2,1,0
BRF:6
BRH:3
end_of_record
TN:
SF:src\interact.js
FN:2,(anonymous_0)
FN:3,(anonymous_1)
FN:9,(anonymous_2)
FN:10,(anonymous_3)
FN:10,(anonymous_4)
FNF:5
FNH:0
FNDA:0,(anonymous_0)
FNDA:0,(anonymous_1)
FNDA:0,(anonymous_2)
FNDA:0,(anonymous_3)
FNDA:0,(anonymous_4)
DA:2,1
DA:3,0
DA:4,0
DA:5,0
DA:9,1
DA:10,0
DA:11,0
DA:12,0
DA:14,0
DA:16,0
LF:10
LH:2
BRF:0
BRH:0
end_of_record
